<?xml version="1.0" encoding="UTF-8"?>
<!-- Generated by org.testng.reporters.JUnitReportReporter -->
<testsuite hostname="Subodh-PC" failures="0" tests="1" name="com.web.test.testcases.Checkbox" time="9.934" errors="0" timestamp="2024-03-30T06:15:21 PDT" skipped="0">
  <testcase classname="com.web.test.testcases.Checkbox" name="getCheckbox" time="9.934"/>
  <system-out/>
</testsuite> <!-- com.web.test.testcases.Checkbox -->
