<?xml version="1.0" encoding="UTF-8"?>
<!-- Generated by org.testng.reporters.JUnitReportReporter -->
<testsuite hostname="Subodh-PC" failures="0" tests="1" name="com.web.test.utility.FutureDates" time="0.046" errors="0" timestamp="2024-03-12T17:49:01 PDT" skipped="0">
  <testcase classname="com.web.test.utility.FutureDates" name="testFutureDate" time="0.046"/>
  <system-out/>
</testsuite> <!-- com.web.test.utility.FutureDates -->
