<?xml version="1.0" encoding="UTF-8"?>
<!-- Generated by org.testng.reporters.JUnitReportReporter -->
<testsuite skipped="0" hostname="Subodh-PC" name="com.web.test.utility.CurrentDateFormat" tests="1" failures="0" timestamp="2023-01-25T07:29:21 PST" time="0.049" errors="0">
  <testcase name="getDate" time="0.049" classname="com.web.test.utility.CurrentDateFormat"/>
  <system-out/>
</testsuite> <!-- com.web.test.utility.CurrentDateFormat -->
