<?xml version="1.0" encoding="UTF-8"?>
<!-- Generated by org.testng.reporters.JUnitReportReporter -->
<testsuite skipped="0" hostname="Subodh-PC" name="com.web.test.testcases.JS_Send_Click" tests="1" failures="0" timestamp="2023-01-05T19:09:53 PST" time="10.418" errors="0">
  <testcase name="verify" time="10.418" classname="com.web.test.testcases.JS_Send_Click"/>
  <system-out/>
</testsuite> <!-- com.web.test.testcases.JS_Send_Click -->
