<?xml version="1.0" encoding="UTF-8"?>
<!-- Generated by org.testng.reporters.JUnitReportReporter -->
<testsuite skipped="0" hostname="Subodh-PC" name="Utility.AccessConfig" tests="1" failures="0" timestamp="2021-12-26T10:57:53 PST" time="0.010" errors="0">
  <testcase name="accessConfigMtd" time="0.010" classname="Utility.AccessConfig"/>
  <system-out/>
</testsuite> <!-- Utility.AccessConfig -->
