<?xml version="1.0" encoding="UTF-8"?>
<!-- Generated by org.testng.reporters.JUnitReportReporter -->
<testsuite skipped="0" hostname="Subodh-PC" name="com.web.test.testcases.ExtentReport" tests="1" failures="0" timestamp="2023-01-27T17:21:12 PST" time="8.958" errors="0">
  <testcase name="getReport" time="8.958" classname="com.web.test.testcases.ExtentReport"/>
  <system-out>
    <![CDATA[Google
Inside Assert if]]>
  </system-out>
</testsuite> <!-- com.web.test.testcases.ExtentReport -->
