<?xml version="1.0" encoding="UTF-8"?>
<!-- Generated by org.testng.reporters.JUnitReportReporter -->
<testsuite hostname="Subodh-PC" failures="0" tests="6" name="PriorityExecutionOrder" time="0.035" errors="0" timestamp="2024-03-22T16:55:05 PDT" skipped="0">
  <testcase classname="PriorityExecutionOrder" name="test5" time="0.015"/>
  <system-out/>
  <testcase classname="PriorityExecutionOrder" name="test3" time="0.000"/>
  <system-out/>
  <testcase classname="PriorityExecutionOrder" name="test1" time="0.000"/>
  <system-out/>
  <testcase classname="PriorityExecutionOrder" name="test6" time="0.016"/>
  <system-out/>
  <testcase classname="PriorityExecutionOrder" name="test2" time="0.002"/>
  <system-out/>
  <testcase classname="PriorityExecutionOrder" name="test4" time="0.002"/>
  <system-out/>
</testsuite> <!-- PriorityExecutionOrder -->
