<?xml version="1.0" encoding="UTF-8"?>
<!-- Generated by org.testng.reporters.JUnitReportReporter -->
<testsuite skipped="0" hostname="Subodh-PC" name="com.web.test.testcases.ChromeOptionsDemo" tests="1" failures="0" timestamp="2023-01-17T19:02:24 PST" time="14.171" errors="0">
  <testcase name="loadChromeOptions" time="14.171" classname="com.web.test.testcases.ChromeOptionsDemo"/>
  <system-out/>
</testsuite> <!-- com.web.test.testcases.ChromeOptionsDemo -->
