<?xml version="1.0" encoding="UTF-8"?>
<!-- Generated by org.testng.reporters.JUnitReportReporter -->
<testsuite hostname="Subodh-PC" failures="0" tests="1" name="com.web.test.testcases.Screenshots" time="6.240" errors="0" timestamp="2024-03-13T19:52:13 PDT" skipped="0">
  <testcase classname="com.web.test.testcases.Screenshots" name="captureScreenshot" time="6.240"/>
  <system-out/>
</testsuite> <!-- com.web.test.testcases.Screenshots -->
