<?xml version="1.0" encoding="UTF-8"?>
<!-- Generated by org.testng.reporters.JUnitReportReporter -->
<testsuite skipped="0" hostname="Subodh-PC" name="com.web.test.testcases.Dropdown" tests="1" failures="0" timestamp="2023-02-01T08:15:25 PST" time="27.101" errors="0">
  <testcase name="getDropdown" time="27.101" classname="com.web.test.testcases.Dropdown"/>
  <system-out/>
</testsuite> <!-- com.web.test.testcases.Dropdown -->
