<?xml version="1.0" encoding="UTF-8"?>
<!-- Generated by org.testng.reporters.JUnitReportReporter -->
<testsuite hostname="Subodh-PC" failures="0" tests="1" name="com.web.test.testcases.TimeoutsDemo" time="48.333" errors="0" timestamp="2024-03-28T17:51:10 PDT" skipped="0">
  <testcase classname="com.web.test.testcases.TimeoutsDemo" name="testtimeout" time="48.333"/>
  <system-out/>
</testsuite> <!-- com.web.test.testcases.TimeoutsDemo -->
