<?xml version="1.0" encoding="UTF-8"?>
<!-- Generated by org.testng.reporters.JUnitReportReporter -->
<testsuite skipped="0" hostname="Subodh-PC" name="com.web.test.testcases.DragDrop" tests="1" failures="0" timestamp="2023-01-21T21:15:30 PST" time="17.188" errors="0">
  <testcase name="dragdrop" time="17.188" classname="com.web.test.testcases.DragDrop"/>
  <system-out/>
</testsuite> <!-- com.web.test.testcases.DragDrop -->
