<?xml version="1.0" encoding="UTF-8"?>
<!-- Generated by org.testng.reporters.JUnitReportReporter -->
<testsuite skipped="0" hostname="Subodh-PC" name="MyFirstTestNGPackage.VerifyLogin" tests="1" failures="0" timestamp="2021-12-27T06:29:09 PST" time="21.884" errors="0">
  <testcase name="login" time="21.884" classname="MyFirstTestNGPackage.VerifyLogin"/>
  <system-out/>
</testsuite> <!-- MyFirstTestNGPackage.VerifyLogin -->
