<?xml version="1.0" encoding="UTF-8"?>
<!-- Generated by org.testng.reporters.JUnitReportReporter -->
<testsuite hostname="Subodh-PC" failures="0" tests="3" name="com.web.test.testcases.DataProviderDemo" time="31.160" errors="0" timestamp="2024-03-27T13:17:35 PDT" skipped="0">
  <testcase classname="com.web.test.testcases.DataProviderDemo" name="loginToApplication" time="8.974"/>
  <system-out/>
  <testcase classname="com.web.test.testcases.DataProviderDemo" name="loginToApplication" time="9.152"/>
  <system-out/>
  <testcase classname="com.web.test.testcases.DataProviderDemo" name="loginToApplication" time="13.034"/>
  <system-out/>
</testsuite> <!-- com.web.test.testcases.DataProviderDemo -->
