<?xml version="1.0" encoding="UTF-8"?>
<!-- Generated by org.testng.reporters.JUnitReportReporter -->
<testsuite hostname="Subodh-PC" failures="0" tests="1" name="com.web.test.testcases.MouseHover" time="45.066" errors="0" timestamp="2024-04-01T10:30:03 PDT" skipped="0">
  <testcase classname="com.web.test.testcases.MouseHover" name="mouseHoverMethod" time="45.066"/>
  <system-out/>
</testsuite> <!-- com.web.test.testcases.MouseHover -->
