<?xml version="1.0" encoding="UTF-8"?>
<!-- Generated by org.testng.reporters.JUnitReportReporter -->
<testsuite skipped="0" hostname="Subodh-PC" name="com.web.test.testcases.WriteIntoExcel" tests="1" failures="0" timestamp="2023-01-24T22:21:05 PST" time="0.981" errors="0">
  <testcase name="writeIntoExcel" time="0.981" classname="com.web.test.testcases.WriteIntoExcel"/>
  <system-out>
    <![CDATA[This is similar to sysout except if it will also be reported in logs file.
UserDirectory value is C:\Users\Subodh\eclipse-workspace\SeleniumTutorials\MyFirstSeleniumWithMaven
Environment value is: C:\Program Files\Java\jdk1.8.0_301]]>
  </system-out>
</testsuite> <!-- com.web.test.testcases.WriteIntoExcel -->
