<?xml version="1.0" encoding="UTF-8"?>
<!-- Generated by org.testng.reporters.JUnitReportReporter -->
<testsuite hostname="Subodh-PC" failures="0" tests="3" name="com.web.test.testcases.AnnotationsDemo" time="0.015" errors="0" timestamp="2024-03-27T13:38:25 PDT" skipped="0">
  <testcase classname="com.web.test.testcases.AnnotationsDemo" name="testOne" time="0.000"/>
  <system-out/>
  <testcase classname="com.web.test.testcases.AnnotationsDemo" name="testTwo" time="0.015"/>
  <system-out/>
  <testcase classname="com.web.test.testcases.AnnotationsDemo" name="testThree" time="0.000"/>
  <system-out/>
</testsuite> <!-- com.web.test.testcases.AnnotationsDemo -->
