<?xml version="1.0" encoding="UTF-8"?>
<!-- Generated by org.testng.reporters.JUnitReportReporter -->
<testsuite skipped="0" hostname="Subodh-PC" name="MyFirstTestNGPackage.Screenshot" tests="1" failures="0" timestamp="2022-01-23T19:07:27 PST" time="3.914" errors="0">
  <testcase name="passurl" time="3.914" classname="MyFirstTestNGPackage.Screenshot"/>
  <system-out/>
</testsuite> <!-- MyFirstTestNGPackage.Screenshot -->
