<?xml version="1.0" encoding="UTF-8"?>
<!-- Generated by org.testng.reporters.JUnitReportReporter -->
<testsuite skipped="0" hostname="Subodh-PC" name="MyFirstTestNGPackage.MyFirstTestNGScript" tests="6" failures="0" timestamp="2023-02-01T11:07:43 PST" time="0.036" errors="0">
  <testcase name="login" time="0.028" classname="MyFirstTestNGPackage.MyFirstTestNGScript"/>
  <system-out/>
  <testcase name="login" time="0.000" classname="MyFirstTestNGPackage.MyFirstTestNGScript"/>
  <system-out/>
  <testcase name="browsePage" time="0.001" classname="MyFirstTestNGPackage.MyFirstTestNGScript"/>
  <system-out/>
  <testcase name="browsePage" time="0.002" classname="MyFirstTestNGPackage.MyFirstTestNGScript"/>
  <system-out/>
  <testcase name="logout" time="0.000" classname="MyFirstTestNGPackage.MyFirstTestNGScript"/>
  <system-out/>
  <testcase name="logout" time="0.005" classname="MyFirstTestNGPackage.MyFirstTestNGScript"/>
  <system-out/>
</testsuite> <!-- MyFirstTestNGPackage.MyFirstTestNGScript -->
