<?xml version="1.0" encoding="UTF-8"?>
<!-- Generated by org.testng.reporters.JUnitReportReporter -->
<testsuite hostname="Subodh-PC" failures="0" tests="1" name="com.web.test.testcases.GetEnvSetFromBatchFile" time="0.015" errors="0" timestamp="2024-03-24T11:29:31 PDT" skipped="0">
  <testcase classname="com.web.test.testcases.GetEnvSetFromBatchFile" name="getEnvValue" time="0.015"/>
  <system-out/>
</testsuite> <!-- com.web.test.testcases.GetEnvSetFromBatchFile -->
