<?xml version="1.0" encoding="UTF-8"?>
<!-- Generated by org.testng.reporters.JUnitReportReporter -->
<testsuite skipped="0" hostname="Subodh-PC" name="com.web.test.testcases.ReadFromExcel" tests="1" failures="0" timestamp="2023-01-21T11:26:54 PST" time="1.043" errors="0">
  <testcase name="readExcel" time="1.043" classname="com.web.test.testcases.ReadFromExcel"/>
  <system-out/>
</testsuite> <!-- com.web.test.testcases.ReadFromExcel -->
