<?xml version="1.0" encoding="UTF-8"?>
<!-- Generated by org.testng.reporters.JUnitReportReporter -->
<testsuite hostname="Subodh-PC" failures="0" tests="1" name="com.web.test.utility.GetBrowserValFromSysEnv" time="7.219" errors="0" timestamp="2024-03-13T11:27:51 PDT" skipped="0">
  <testcase classname="com.web.test.utility.GetBrowserValFromSysEnv" name="startApp" time="7.219"/>
  <system-out/>
</testsuite> <!-- com.web.test.utility.GetBrowserValFromSysEnv -->
