<?xml version="1.0" encoding="UTF-8"?>
<!-- Generated by org.testng.reporters.JUnitReportReporter -->
<testsuite skipped="0" hostname="Subodh-PC" name="com.web.test.testcases.MultipleWindows" tests="1" failures="0" timestamp="2023-01-07T23:32:55 PST" time="6.993" errors="0">
  <testcase name="multipleWindows" time="6.993" classname="com.web.test.testcases.MultipleWindows"/>
  <system-out/>
</testsuite> <!-- com.web.test.testcases.MultipleWindows -->
