<?xml version="1.0" encoding="UTF-8"?>
<!-- Generated by org.testng.reporters.JUnitReportReporter -->
<testsuite skipped="0" hostname="Subodh-PC" name="com.web.test.utility.CurrentDateOnly" tests="1" failures="0" timestamp="2023-01-18T05:33:14 PST" time="0.029" errors="0">
  <testcase name="getDate" time="0.029" classname="com.web.test.utility.CurrentDateOnly"/>
  <system-out/>
</testsuite> <!-- com.web.test.utility.CurrentDateOnly -->
