<?xml version="1.0" encoding="UTF-8"?>
<!-- Generated by org.testng.reporters.JUnitReportReporter -->
<testsuite skipped="0" hostname="Subodh-PC" name="com.web.test.utility.Config" tests="1" failures="0" timestamp="2023-01-28T10:10:39 PST" time="0.016" errors="0">
  <testcase name="getConfigData" time="0.016" classname="com.web.test.utility.Config"/>
  <system-out/>
</testsuite> <!-- com.web.test.utility.Config -->
