<?xml version="1.0" encoding="UTF-8"?>
<!-- Generated by org.testng.reporters.JUnitReportReporter -->
<testsuite hostname="Subodh-PC" failures="0" tests="1" name="com.web.test.testcases.TestOne" time="7.209" errors="0" timestamp="2024-03-17T11:29:29 PDT" skipped="0">
  <testcase classname="com.web.test.testcases.TestOne" name="set" time="7.209"/>
  <system-out/>
</testsuite> <!-- com.web.test.testcases.TestOne -->
