<?xml version="1.0" encoding="UTF-8"?>
<!-- Generated by org.testng.reporters.JUnitReportReporter -->
<testsuite hostname="Subodh-PC" failures="0" tests="1" name="com.web.test.utility.PropertiesReader" time="0.008" errors="0" timestamp="2024-03-12T18:45:14 PDT" skipped="0">
  <testcase classname="com.web.test.utility.PropertiesReader" name="PropertiesReaderMtd" time="0.008"/>
  <system-out/>
</testsuite> <!-- com.web.test.utility.PropertiesReader -->
