<?xml version="1.0" encoding="UTF-8"?>
<!-- Generated by org.testng.reporters.JUnitReportReporter -->
<testsuite skipped="0" hostname="Subodh-PC" name="com.web.test.testcases.JS_Highlight_Fields" tests="1" failures="0" timestamp="2023-01-15T14:19:55 PST" time="17.832" errors="0">
  <testcase name="getBrokenLinks" time="17.832" classname="com.web.test.testcases.JS_Highlight_Fields"/>
  <system-out/>
</testsuite> <!-- com.web.test.testcases.JS_Highlight_Fields -->
