<?xml version="1.0" encoding="UTF-8"?>
<!-- Generated by org.testng.reporters.JUnitReportReporter -->
<testsuite hostname="Subodh-PC" failures="0" tests="1" name="com.web.test.testcases.GetBrowserValFromSysEnv2" time="0.388" errors="0" timestamp="2024-03-31T18:58:33 PDT" skipped="0">
  <testcase classname="com.web.test.testcases.GetBrowserValFromSysEnv2" name="firstTest" time="0.388"/>
  <system-out/>
</testsuite> <!-- com.web.test.testcases.GetBrowserValFromSysEnv2 -->
