<?xml version="1.0" encoding="UTF-8"?>
<!-- Generated by org.testng.reporters.JUnitReportReporter -->
<testsuite skipped="0" hostname="Subodh-PC" name="BrowserSetup.HighlightElement" tests="1" failures="0" timestamp="2021-12-26T05:56:41 PST" time="16.205" errors="0">
  <testcase name="flash" time="16.205" classname="BrowserSetup.HighlightElement"/>
  <system-out/>
</testsuite> <!-- BrowserSetup.HighlightElement -->
