<?xml version="1.0" encoding="UTF-8"?>
<!-- Generated by org.testng.reporters.JUnitReportReporter -->
<testsuite hostname="Subodh-PC" failures="0" tests="1" name="com.web.test.utility.BrowserFactory1" time="0.016" errors="0" timestamp="2024-03-09T04:07:05 PST" skipped="0">
  <testcase classname="com.web.test.utility.BrowserFactory1" name="startApp" time="0.016"/>
  <system-out/>
</testsuite> <!-- com.web.test.utility.BrowserFactory1 -->
