<?xml version="1.0" encoding="UTF-8"?>
<!-- Generated by org.testng.reporters.JUnitReportReporter -->
<testsuite skipped="0" hostname="Subodh-PC" name="com.web.test.testcases.Calendar" tests="1" failures="0" timestamp="2023-01-22T03:43:00 PST" time="39.223" errors="0">
  <testcase name="clickCal" time="39.223" classname="com.web.test.testcases.Calendar"/>
  <system-out/>
</testsuite> <!-- com.web.test.testcases.Calendar -->
