<?xml version="1.0" encoding="UTF-8"?>
<!-- Generated by org.testng.reporters.JUnitReportReporter -->
<testsuite hostname="Subodh-PC" failures="0" tests="1" name="com.web.test.testcases.RadioButton" time="42.326" errors="0" timestamp="2024-03-29T08:25:35 PDT" skipped="0">
  <testcase classname="com.web.test.testcases.RadioButton" name="getRadios" time="42.326"/>
  <system-out/>
</testsuite> <!-- com.web.test.testcases.RadioButton -->
