<?xml version="1.0" encoding="UTF-8"?>
<!-- Generated by org.testng.reporters.JUnitReportReporter -->
<testsuite skipped="0" hostname="Subodh-PC" name="com.web.test.testcases.KeyPress" tests="1" failures="0" timestamp="2023-01-11T16:29:23 PST" time="9.417" errors="0">
  <testcase name="multipleWindows" time="9.417" classname="com.web.test.testcases.KeyPress"/>
  <system-out/>
</testsuite> <!-- com.web.test.testcases.KeyPress -->
