<?xml version="1.0" encoding="UTF-8"?>
<!-- Generated by org.testng.reporters.JUnitReportReporter -->
<testsuite skipped="0" hostname="Subodh-PC" name="BrowserSetup.FirefoxBrowser" tests="1" failures="0" timestamp="2021-12-26T06:01:41 PST" time="34.206" errors="0">
  <testcase name="FFBrowser" time="34.206" classname="BrowserSetup.FirefoxBrowser"/>
  <system-out/>
</testsuite> <!-- BrowserSetup.FirefoxBrowser -->
