<?xml version="1.0" encoding="UTF-8"?>
<!-- Generated by org.testng.reporters.JUnitReportReporter -->
<testsuite hostname="Subodh-PC" failures="0" tests="12" name="com.web.test.testcases.PriorityExecutionOrder" time="0.019" errors="0" timestamp="2024-03-27T19:12:51 PDT" skipped="0">
  <testcase classname="com.web.test.testcases.PriorityExecutionOrder" name="test5" time="0.000"/>
  <system-out/>
  <testcase classname="com.web.test.testcases.PriorityExecutionOrder" name="test3" time="0.000"/>
  <system-out/>
  <testcase classname="com.web.test.testcases.PriorityExecutionOrder" name="test3" time="0.000"/>
  <system-out/>
  <testcase classname="com.web.test.testcases.PriorityExecutionOrder" name="test1" time="0.015"/>
  <system-out/>
  <testcase classname="com.web.test.testcases.PriorityExecutionOrder" name="test6" time="0.000"/>
  <system-out/>
  <testcase classname="com.web.test.testcases.PriorityExecutionOrder" name="test2" time="0.000"/>
  <system-out/>
  <testcase classname="com.web.test.testcases.PriorityExecutionOrder" name="test2" time="0.000"/>
  <system-out/>
  <testcase classname="com.web.test.testcases.PriorityExecutionOrder" name="test4" time="0.002"/>
  <system-out/>
  <testcase classname="com.web.test.testcases.PriorityExecutionOrder" name="test7" time="0.000"/>
  <system-out/>
  <testcase classname="com.web.test.testcases.PriorityExecutionOrder" name="test7" time="0.001"/>
  <system-out/>
  <testcase classname="com.web.test.testcases.PriorityExecutionOrder" name="test8" time="0.000"/>
  <system-out/>
  <testcase classname="com.web.test.testcases.PriorityExecutionOrder" name="test8" time="0.001"/>
  <system-out/>
</testsuite> <!-- com.web.test.testcases.PriorityExecutionOrder -->
