<?xml version="1.0" encoding="UTF-8"?>
<!-- Generated by org.testng.reporters.JUnitReportReporter -->
<testsuite hostname="Subodh-PC" failures="0" tests="1" name="com.web.test.testcases.BrokenLinks" time="42.633" errors="0" timestamp="2024-03-30T05:50:44 PDT" skipped="0">
  <testcase classname="com.web.test.testcases.BrokenLinks" name="getBrokenLinks" time="42.633"/>
  <system-out/>
</testsuite> <!-- com.web.test.testcases.BrokenLinks -->
