<?xml version="1.0" encoding="UTF-8"?>
<!-- Generated by org.testng.reporters.JUnitReportReporter -->
<testsuite skipped="0" hostname="Subodh-PC" name="com.web.test.testcases.GetAllValuesFromExcel" tests="1" failures="0" timestamp="2023-01-21T21:55:04 PST" time="0.914" errors="0">
  <testcase name="getExcelValues" time="0.914" classname="com.web.test.testcases.GetAllValuesFromExcel"/>
  <system-out/>
</testsuite> <!-- com.web.test.testcases.GetAllValuesFromExcel -->
