<?xml version="1.0" encoding="UTF-8"?>
<!-- Generated by org.testng.reporters.JUnitReportReporter -->
<testsuite skipped="0" hostname="Subodh-PC" name="com.web.test.testcases.UsingListeners" tests="1" failures="0" timestamp="2023-01-29T05:41:28 PST" time="8.673" errors="0">
  <testcase name="verifyLogin" time="8.673" classname="com.web.test.testcases.UsingListeners"/>
  <system-out>
    <![CDATA[Test case succeeded verifyLogin
Class Name value is: class org.testng.internal.TestResult]]>
  </system-out>
</testsuite> <!-- com.web.test.testcases.UsingListeners -->
