<?xml version="1.0" encoding="UTF-8"?>
<!-- Generated by org.testng.reporters.JUnitReportReporter -->
<testsuite hostname="Subodh-PC" failures="0" tests="2" name="com.web.test.testcases.GetBrowserValFromSysEnv2" time="2.325" errors="0" timestamp="31 Mar 2024 14:51:12 GMT" skipped="0">
  <testcase classname="com.web.test.testcases.GetBrowserValFromSysEnv2" name="firstTest" time="1.278"/>
  <testcase classname="com.web.test.testcases.GetBrowserValFromSysEnv2" name="firstTest" time="1.047"/>
</testsuite> <!-- com.web.test.testcases.GetBrowserValFromSysEnv2 -->
